<?xml version="1.0" encoding="UTF-8"?>
<!-- Generated by org.testng.reporters.JUnitReportReporter -->
<testsuite hostname="LAPTOP-7NVV77U9" failures="0" tests="11" name="com.capstone.testing.LoginServiceTest" time="46.598" errors="0" timestamp="2023-08-03T13:52:43 IST" skipped="0">
  <testcase classname="com.capstone.testing.LoginServiceTest" name="homeTest" time="0.719"/>
  <system-out/>
  <testcase classname="com.capstone.testing.LoginServiceTest" name="registerTest" time="10.472"/>
  <system-out/>
  <testcase classname="com.capstone.testing.LoginServiceTest" name="loginTest" time="10.514"/>
  <system-out/>
  <testcase classname="com.capstone.testing.LoginServiceTest" name="applyAadharTest" time="11.049"/>
  <system-out/>
  <testcase classname="com.capstone.testing.LoginServiceTest" name="approveRequestTest" time="2.781"/>
  <system-out/>
  <testcase classname="com.capstone.testing.LoginServiceTest" name="viewAllRequestTest" time="0.174"/>
  <system-out/>
  <testcase classname="com.capstone.testing.LoginServiceTest" name="AadharUpdateTest" time="0.205"/>
  <system-out/>
  <testcase classname="com.capstone.testing.LoginServiceTest" name="viewMyAdharTest" time="0.100"/>
  <system-out/>
  <testcase classname="com.capstone.testing.LoginServiceTest" name="requestDuplicateTest" time="5.194"/>
  <system-out/>
  <testcase classname="com.capstone.testing.LoginServiceTest" name="logoutTest" time="0.095"/>
  <system-out/>
  <testcase classname="com.capstone.testing.LoginServiceTest" name="closeAadharTest" time="5.295"/>
  <system-out/>
</testsuite> <!-- com.capstone.testing.LoginServiceTest -->
