<?xml version="1.0" encoding="UTF-8"?>
<!-- Generated by org.testng.reporters.JUnitReportReporter -->
<testsuite hostname="LAPTOP-7NVV77U9" failures="0" tests="6" name="com.capstone.testing.RegisterServiceTest" time="0.966" errors="0" timestamp="2023-08-03T12:57:32 IST" skipped="0">
  <testcase classname="com.capstone.testing.RegisterServiceTest" name="denyRequestTest" time="0.090"/>
  <system-out/>
  <testcase classname="com.capstone.testing.RegisterServiceTest" name="approveRequestTest" time="0.512"/>
  <system-out/>
  <testcase classname="com.capstone.testing.RegisterServiceTest" name="getAllRequestsTest" time="0.078"/>
  <system-out/>
  <testcase classname="com.capstone.testing.RegisterServiceTest" name="updateAdharTest" time="0.089"/>
  <system-out/>
  <testcase classname="com.capstone.testing.RegisterServiceTest" name="viewmyAdharTest" time="0.106"/>
  <system-out/>
  <testcase classname="com.capstone.testing.RegisterServiceTest" name="storeRequestTest" time="0.091"/>
  <system-out/>
</testsuite> <!-- com.capstone.testing.RegisterServiceTest -->
