<?xml version="1.0" encoding="UTF-8"?>
<!-- Generated by org.testng.reporters.JUnitReportReporter -->
<testsuite hostname="LAPTOP-7NVV77U9" failures="0" tests="1" name="com.capstone.MAdhaarProjectApplicationTests" time="0.007" errors="0" timestamp="2023-08-03T13:01:15 IST" skipped="0">
  <testcase classname="com.capstone.MAdhaarProjectApplicationTests" name="contextLoads" time="0.007"/>
  <system-out/>
</testsuite> <!-- com.capstone.MAdhaarProjectApplicationTests -->
